This is XeTeX, Version 3.1415926-2.3-0.9997.5 (TeX Live 2012/dev/Arch Linux) (format=xelatex 2012.2.27)  20 MAR 2012 14:33
entering extended mode
 restricted \write18 enabled.
 %&-line parsing enabled.
**\input diss.tex
(./diss.tex (/usr/share/texmf-dist/tex/latex/base/report.cls
Document Class: report 2007/10/19 v1.4h Standard LaTeX document class
(/usr/share/texmf-dist/tex/latex/base/size12.clo
File: size12.clo 2007/10/19 v1.4h Standard LaTeX file (size option)
)
\c@part=\count80
\c@chapter=\count81
\c@section=\count82
\c@subsection=\count83
\c@subsubsection=\count84
\c@paragraph=\count85
\c@subparagraph=\count86
\c@figure=\count87
\c@table=\count88
\abovecaptionskip=\skip41
\belowcaptionskip=\skip42
\bibindent=\dimen102
)
(/usr/share/texmf-dist/tex/latex/ntgclass/a4.sty
Package: a4 2004/04/15 v1.2g A4 based page layout
)
(/usr/share/texmf-dist/tex/latex/tools/verbatim.sty
Package: verbatim 2003/08/22 v1.5q LaTeX2e package for verbatim enhancements
\every@verbatim=\toks14
\verbatim@line=\toks15
\verbatim@in@stream=\read1
) (./epsf.sty
This is `epsf.tex' v2.7k <10 July 1997>
\epsffilein=\read2
\epsfframemargin=\dimen103
\epsfframethickness=\dimen104
\epsfrsize=\dimen105
\epsftmp=\dimen106
\epsftsize=\dimen107
\epsfxsize=\dimen108
\epsfysize=\dimen109
\pspoints=\dimen110
\epsfnoopenhelp=\toks16
) (./sectsty.sty
Package: sectsty 1999/04/12 v2.0.1 Commands to change all sectional heading sty
les
) (/usr/share/texmf-dist/tex/latex/graphics/graphicx.sty
Package: graphicx 1999/02/16 v1.0f Enhanced LaTeX Graphics (DPC,SPQR)

(/usr/share/texmf-dist/tex/latex/graphics/keyval.sty
Package: keyval 1999/03/16 v1.13 key=value parser (DPC)
\KV@toks@=\toks17
)
(/usr/share/texmf-dist/tex/latex/graphics/graphics.sty
Package: graphics 2009/02/05 v1.0o Standard LaTeX Graphics (DPC,SPQR)

(/usr/share/texmf-dist/tex/latex/graphics/trig.sty
Package: trig 1999/03/16 v1.09 sin cos tan (DPC)
)
(/usr/share/texmf-dist/tex/latex/latexconfig/graphics.cfg
File: graphics.cfg 2010/04/23 v1.9 graphics configuration of TeX Live
)
Package graphics Info: Driver file: xetex.def on input line 91.

(/usr/share/texmf-dist/tex/xelatex/xetex-def/xetex.def
File: xetex.def 2009/11/22 v0.94 LaTeX color/graphics driver for XeTeX (RRM/JK)

))
\Gin@req@height=\dimen111
\Gin@req@width=\dimen112
)
(/usr/share/texmf-dist/tex/latex/fontspec/fontspec.sty
Package: fontspec 2011/09/18 v2.2a Advanced font selection for XeLaTeX/LuaLaTeX


(/usr/share/texmf-dist/tex/latex/l3kernel/expl3.sty
(/usr/share/texmf-dist/tex/latex/l3kernel/l3names.sty
(/usr/share/texmf-dist/tex/latex/l3kernel/l3bootstrap.sty
Package: l3bootstrap 2011/09/10 v2798 L3 Experimental bootstrap code
)
Package: l3names 2011/11/11 v2944 L3 Experimental namespace for primitives
)
(/usr/share/texmf-dist/tex/latex/etex-pkg/etex.sty
Package: etex 1998/03/26 v2.0 eTeX basic definition package (PEB)
\et@xins=\count89
)
(/usr/share/texmf-dist/tex/latex/tools/calc.sty
Package: calc 2007/08/22 v4.3 Infix arithmetic (KKT,FJ)
\calc@Acount=\count90
\calc@Bcount=\count91
\calc@Adimen=\dimen113
\calc@Bdimen=\dimen114
\calc@Askip=\skip43
\calc@Bskip=\skip44
LaTeX Info: Redefining \setlength on input line 76.
LaTeX Info: Redefining \addtolength on input line 77.
\calc@Ccount=\count92
\calc@Cskip=\skip45
)
Package: expl3 2011/11/19 v2966 L3 Experimental code bundle wrapper

(/usr/share/texmf-dist/tex/latex/graphics/color.sty
Package: color 2005/11/14 v1.0j Standard LaTeX Color (DPC)

(/usr/share/texmf-dist/tex/latex/latexconfig/color.cfg
File: color.cfg 2007/01/18 v1.5 color configuration of teTeX/TeXLive
)
Package color Info: Driver file: xetex.def on input line 130.
)
(/usr/share/texmf-dist/tex/latex/l3kernel/l3basics.sty
Package: l3basics 2011/10/15 v2915 L3 Experimental basic definitions
)
(/usr/share/texmf-dist/tex/latex/l3kernel/l3expan.sty
Package: l3expan 2011/10/09 v2896 L3 Experimental argument expansion
)
(/usr/share/texmf-dist/tex/latex/l3kernel/l3tl.sty
Package: l3tl 2011/10/22 v2929 L3 Experimental token lists
)
(/usr/share/texmf-dist/tex/latex/l3kernel/l3seq.sty
Package: l3seq 2011/10/09 v2896 L3 Experimental sequences and stacks
)
(/usr/share/texmf-dist/tex/latex/l3kernel/l3int.sty
Package: l3int 2011/10/22 v2928 L3 Experimental integers
\c_max_int=\count93
\l_tmpa_int=\count94
\l_tmpb_int=\count95
\l_tmpc_int=\count96
\g_tmpa_int=\count97
\g_tmpb_int=\count98
\g_seq_nesting_depth_int=\count99
\g_tl_inline_level_int=\count100
)
(/usr/share/texmf-dist/tex/latex/l3kernel/l3quark.sty
Package: l3quark 2011/10/09 v2896 L3 Experimental quarks
)
(/usr/share/texmf-dist/tex/latex/l3kernel/l3prg.sty
Package: l3prg 2011/10/15 v2915 L3 Experimental control structures
\g_prg_stepwise_level_int=\count101
)
(/usr/share/texmf-dist/tex/latex/l3kernel/l3clist.sty
Package: l3clist 2011/10/09 v2896 L3 Experimental comma separated lists
\g_clist_map_inline_int=\count102
)
(/usr/share/texmf-dist/tex/latex/l3kernel/l3token.sty
Package: l3token 2011/10/22 v2931 L3 Experimental token manipulation
)
(/usr/share/texmf-dist/tex/latex/l3kernel/l3prop.sty
Package: l3prop 2011/09/17 v2839 L3 Experimental property lists
\g_prop_map_inline_int=\count103
)
(/usr/share/texmf-dist/tex/latex/l3kernel/l3msg.sty
Package: l3msg 2011/10/09 v2896 L3 Experimental messages
)
(/usr/share/texmf-dist/tex/latex/l3kernel/l3io.sty
Package: l3io 2011/10/09 v2896 L3 Experimental input-output operations
\l_iow_stream_int=\count104
\l_iow_line_length_int=\count105
\l_iow_target_length_int=\count106
\l_iow_current_line_int=\count107
\l_iow_current_word_int=\count108
\l_iow_current_indentation_int=\count109
)
(/usr/share/texmf-dist/tex/latex/l3kernel/l3file.sty
Package: l3file 2011/10/09 v2896 L3 Experimental file operations
)
(/usr/share/texmf-dist/tex/latex/l3kernel/l3skip.sty
Package: l3skip 2011/11/14 v2959 L3 Experimental dimensions and skips
\l_tmpa_dim=\dimen115
\l_tmpb_dim=\dimen116
\l_tmpc_dim=\dimen117
\g_tmpa_dim=\dimen118
\g_tmpb_dim=\dimen119
\l_tmpa_skip=\skip46
\l_tmpb_skip=\skip47
\l_tmpc_skip=\skip48
\g_tmpa_skip=\skip49
\g_tmpb_skip=\skip50
)
(/usr/share/texmf-dist/tex/latex/l3kernel/l3keys.sty
Package: l3keys 2011/09/10 v2800 L3 Experimental key-value interfaces
\g_keyval_level_int=\count110
\l_keys_choice_int=\count111
)
(/usr/share/texmf-dist/tex/latex/l3kernel/l3fp.sty
Package: l3fp 2011/09/26 v2857 L3 Experimental floating-point operations
\c_one_million=\count112
\c_one_hundred_million=\count113
\c_five_hundred_million=\count114
\c_one_thousand_million=\count115
\c_fp_pi_by_four_decimal_int=\count116
\c_fp_pi_by_four_extended_int=\count117
\c_fp_pi_decimal_int=\count118
\c_fp_pi_extended_int=\count119
\c_fp_two_pi_decimal_int=\count120
\c_fp_two_pi_extended_int=\count121
\l_fp_count_int=\count122
\l_fp_div_offset_int=\count123
\l_fp_exp_integer_int=\count124
\l_fp_exp_decimal_int=\count125
\l_fp_exp_extended_int=\count126
\l_fp_exp_exponent_int=\count127
\l_fp_input_a_sign_int=\count128
\l_fp_input_a_integer_int=\count129
\l_fp_input_a_decimal_int=\count130
\l_fp_input_a_exponent_int=\count131
\l_fp_input_b_sign_int=\count132
\l_fp_input_b_integer_int=\count133
\l_fp_input_b_decimal_int=\count134
\l_fp_input_b_exponent_int=\count135
\l_fp_input_a_extended_int=\count136
\l_fp_input_b_extended_int=\count137
\l_fp_mul_a_i_int=\count138
\l_fp_mul_a_ii_int=\count139
\l_fp_mul_a_iii_int=\count140
\l_fp_mul_a_iv_int=\count141
\l_fp_mul_a_v_int=\count142
\l_fp_mul_a_vi_int=\count143
\l_fp_mul_b_i_int=\count144
\l_fp_mul_b_ii_int=\count145
\l_fp_mul_b_iii_int=\count146
\l_fp_mul_b_iv_int=\count147
\l_fp_mul_b_v_int=\count148
\l_fp_mul_b_vi_int=\count149
\l_fp_mul_output_int=\count150
\l_fp_output_sign_int=\count151
\l_fp_output_integer_int=\count152
\l_fp_output_decimal_int=\count153
\l_fp_output_exponent_int=\count154
\l_fp_output_extended_int=\count155
\l_fp_round_position_int=\count156
\l_fp_round_target_int=\count157
\l_fp_split_sign_int=\count158
\l_fp_tmp_int=\count159
\l_fp_trig_octant_int=\count160
\l_fp_trig_sign_int=\count161
\l_fp_trig_decimal_int=\count162
\l_fp_trig_extended_int=\count163
\l_fp_tmp_dim=\dimen120
\l_fp_tmp_skip=\skip51
)
(/usr/share/texmf-dist/tex/latex/l3kernel/l3box.sty
Package: l3box 2011/11/15 v2960 L3 Experimental boxes
\l_tmpb_box=\box26
\l_box_top_dim=\dimen121
\l_box_bottom_dim=\dimen122
\l_box_left_dim=\dimen123
\l_box_right_dim=\dimen124
\l_box_top_new_dim=\dimen125
\l_box_bottom_new_dim=\dimen126
\l_box_left_new_dim=\dimen127
\l_box_right_new_dim=\dimen128
\l_box_tmp_box=\box27
)
(/usr/share/texmf-dist/tex/latex/l3kernel/l3coffins.sty
Package: l3coffins 2011/11/15 v2963 L3 Experimental coffin code layer
\l_coffin_tmp_box=\box28
\l_coffin_tmp_dim=\dimen129
\l_coffin_offset_x_dim=\dimen130
\l_coffin_offset_y_dim=\dimen131
\l_coffin_x_dim=\dimen132
\l_coffin_y_dim=\dimen133
\l_coffin_x_prime_dim=\dimen134
\l_coffin_y_prime_dim=\dimen135
\l_coffin_Depth_dim=\dimen136
\l_coffin_Height_dim=\dimen137
\l_coffin_TotalHeight_dim=\dimen138
\l_coffin_Width_dim=\dimen139
\c_empty_coffin=\box29
\l_coffin_aligned_coffin=\box30
\l_coffin_aligned_internal_coffin=\box31
\l_coffin_bounding_shift_dim=\dimen140
\l_coffin_left_corner_dim=\dimen141
\l_coffin_right_corner_dim=\dimen142
\l_coffin_bottom_corner_dim=\dimen143
\l_coffin_top_corner_dim=\dimen144
\l_coffin_scaled_total_height_dim=\dimen145
\l_coffin_scaled_width_dim=\dimen146
\l_coffin_display_coffin=\box32
\l_coffin_display_coord_coffin=\box33
\l_coffin_display_pole_coffin=\box34
\l_coffin_display_offset_dim=\dimen147
\l_coffin_display_x_dim=\dimen148
\l_coffin_display_y_dim=\dimen149
)
(/usr/share/texmf-dist/tex/latex/l3kernel/l3color.sty
Package: l3color 2011/09/07 v2776 L3 Experimental colour support
)
(/usr/share/texmf-dist/tex/latex/l3kernel/l3luatex.sty
Package: l3luatex 2011/09/10 v2798 L3 Experimental LuaTeX-specific functions
\g_cctab_allocate_int=\count164
\g_cctab_stack_int=\count165
))
(/usr/share/texmf-dist/tex/latex/l3packages/xparse/xparse.sty
Package: xparse 2011/11/19 v2966 L3 Experimental document command parser
\l_xparse_m_args_int=\count166
\l_xparse_mandatory_args_int=\count167
\l_xparse_processor_int=\count168
\l_xparse_total_args_int=\count169
\l_xparse_v_nesting_int=\count170
)
\l_fontspec_script_int=\count171
\l_fontspec_language_int=\count172
\l_fontspec_strnum_int=\count173
\l_fontspec_tmpa_dim=\dimen150
\l_fontspec_tmpb_dim=\dimen151
\l_fontspec_tmpc_dim=\dimen152
Variant \tl_gset:cV already defined; not changing it on line 66

(/usr/share/texmf-dist/tex/latex/fontspec/fontspec-patches.sty
Package: fontspec-patches 2011/09/18 v2.2a Advanced font selection for XeLaTeX/
LuaLaTeX

(/usr/share/texmf-dist/tex/latex/base/fixltx2e.sty
Package: fixltx2e 2006/09/13 v1.1m fixes to LaTeX
LaTeX Info: Redefining \em on input line 420.
)
LaTeX Info: Redefining \em on input line 22.
LaTeX Info: Redefining \emph on input line 29.
LaTeX Info: Redefining \- on input line 32.
.................................................
. xparse info: "define-command"
. 
. Defining document command \liningnums with arg. spec. 'm' on line 111.
.................................................
)
(/usr/share/texmf-dist/tex/latex/fontspec/fontspec-xetex.sty
Package: fontspec-xetex 2011/09/18 v2.2a Advanced font selection for XeLaTeX/Lu
aLaTeX

(/usr/share/texmf-dist/tex/latex/base/fontenc.sty
Package: fontenc 2005/09/27 v1.99g Standard LaTeX package

(/usr/share/texmf-dist/tex/latex/euenc/eu1enc.def
File: eu1enc.def 2010/05/27 v0.1h Experimental Unicode font encodings
)
LaTeX Font Info:    Try loading font information for EU1+lmr on input line 100.


(/usr/share/texmf-dist/tex/latex/euenc/eu1lmr.fd
File: eu1lmr.fd 2009/10/30 v1.6 Font defs for Latin Modern
))
(/usr/share/texmf-dist/tex/xelatex/xunicode/xunicode.sty
File: xunicode.sty 2011/09/09 v0.981 provides access to latin accents and many 
other characters in Unicode lower plane

(/usr/share/texmf-dist/tex/latex/tipa/t3enc.def
File: t3enc.def 2001/12/31 T3 encoding
LaTeX Font Info:    Try loading font information for EU1+lmss on input line 357
.

(/usr/share/texmf-dist/tex/latex/euenc/eu1lmss.fd
File: eu1lmss.fd 2009/10/30 v1.6 Font defs for Latin Modern
))
\tipaTiiicode=\count174
\tipasavetokens=\toks18
\tipachecktokens=\toks19
)
.................................................
. xparse info: "define-command"
. 
. Defining document command \fontspec with arg. spec. 'O{}m' on line 39.
.................................................
.................................................
. xparse info: "define-command"
. 
. Defining document command \setmainfont with arg. spec. 'O{}m' on line 43.
.................................................
.................................................
. xparse info: "define-command"
. 
. Defining document command \setsansfont with arg. spec. 'O{}m' on line 47.
.................................................
.................................................
. xparse info: "define-command"
. 
. Defining document command \setmonofont with arg. spec. 'O{}m' on line 51.
.................................................
.................................................
. xparse info: "define-command"
. 
. Defining document command \setmathrm with arg. spec. 'O{}m' on line 59.
.................................................
.................................................
. xparse info: "define-command"
. 
. Defining document command \setboldmathrm with arg. spec. 'O{}m' on line 62.
.................................................
.................................................
. xparse info: "define-command"
. 
. Defining document command \setmathsf with arg. spec. 'O{}m' on line 65.
.................................................
.................................................
. xparse info: "define-command"
. 
. Defining document command \setmathtt with arg. spec. 'O{}m' on line 68.
.................................................
.................................................
. xparse info: "define-command"
. 
. Defining document command \newfontfamily with arg. spec. 'mO{}m' on line 84.
.................................................
.................................................
. xparse info: "define-command"
. 
. Defining document command \newfontface with arg. spec. 'mO{}m' on line 87.
.................................................
.................................................
. xparse info: "define-command"
. 
. Defining document command \defaultfontfeatures with arg. spec. 'm' on line
. 91.
.................................................
.................................................
. xparse info: "define-command"
. 
. Defining document command \addfontfeatures with arg. spec. 'm' on line 107.
.................................................
.................................................
. xparse info: "define-command"
. 
. Defining document command \newfontfeature with arg. spec. 'mm' on line 118.
.................................................
.................................................
. xparse info: "define-command"
. 
. Defining document command \newAATfeature with arg. spec. 'mmmm' on line 125.
.................................................
.................................................
. xparse info: "define-command"
. 
. Defining document command \newICUfeature with arg. spec. 'mmm' on line 132.
.................................................
.................................................
. xparse info: "define-command"
. 
. Defining document command \aliasfontfeature with arg. spec. 'mm' on line
. 159.
.................................................
.................................................
. xparse info: "define-command"
. 
. Defining document command \aliasfontfeatureoption with arg. spec. 'mmm' on
. line 164.
.................................................
.................................................
. xparse info: "define-command"
. 
. Defining document command \newfontscript with arg. spec. 'mm' on line 169.
.................................................
.................................................
. xparse info: "define-command"
. 
. Defining document command \newfontlanguage with arg. spec. 'mm' on line 192.
.................................................
.................................................
. xparse info: "define-command"
. 
. Defining document command \DeclareFontsExtensions with arg. spec. 'm' on
. line 211.
.................................................
Variant \prop_gput:cnV already defined; not changing it on line 485
Variant \prop_gput:cnx already defined; not changing it on line 486
Variant \keys_set:nx already defined; not changing it on line 963
\c@fontspec_tmp_int=\count175
LaTeX Info: Redefining \itshape on input line 1881.
LaTeX Info: Redefining \slshape on input line 1885.
LaTeX Info: Redefining \scshape on input line 1889.
LaTeX Info: Redefining \upshape on input line 1893.

(/usr/share/texmf-dist/tex/latex/fontspec/fontspec.cfg)))
.................................................
. fontspec info: "set-scale"
. 
. Linux Libertine O scale = 1.000000000.
.................................................
\g_fontspec_family_Linux Libertine O_int=\count176
.................................................
. fontspec info: "set-scale"
. 
. Linux Libertine O scale = 1.000000000.
.................................................
.................................................
. fontspec info: "set-scale"
. 
. Linux Libertine O scale = 1.000000000.
.................................................
.................................................
. fontspec info: "set-scale"
. 
. Linux Libertine O/B scale = 0.9885321100.
.................................................
.................................................
. fontspec info: "set-scale"
. 
. Linux Libertine O/B scale = 0.9885321100.
.................................................
.................................................
. fontspec info: "set-scale"
. 
. Linux Libertine O/I scale = 0.9817767650.
.................................................
.................................................
. fontspec info: "set-scale"
. 
. Linux Libertine O/I scale = 0.9817767650.
.................................................
.................................................
. fontspec info: "set-scale"
. 
. Linux Libertine O/BI scale = 0.9685393250.
.................................................
.................................................
. fontspec info: "defining-font"
. 
. Font family 'LinuxLibertineO(0)' created for font 'Linux Libertine O' with
. options [Mapping=tex-text,Scale=MatchLowercase, Numbers=OldStyle,Scale=1].
. 
. This font family consists of the following shapes:
. 
. * 'normal' with NFSS spec.:
. <->s*[1]"Linux Libertine
. O/ICU:script=latn;language=DFLT;mapping=tex-text;+onum;"
. 
. * 'small caps' with NFSS spec.:
. <->s*[1]"Linux Libertine
. O/ICU:script=latn;language=DFLT;mapping=tex-text;+onum;+smcp;"
. 
. * 'bold' with NFSS spec.:
. <->s*[1]"Linux Libertine
. O/B/ICU:script=latn;language=DFLT;mapping=tex-text;+onum;"
. 
. * 'bold small caps' with NFSS spec.:
. <->s*[1]"Linux Libertine
. O/B/ICU:script=latn;language=DFLT;mapping=tex-text;+onum;+smcp;"
. 
. * 'italic' with NFSS spec.:
. <->s*[1]"Linux Libertine
. O/I/ICU:script=latn;language=DFLT;mapping=tex-text;+onum;"
. 
. * 'italic small caps' with NFSS spec.:
. <->s*[1]"Linux Libertine
. O/I/ICU:script=latn;language=DFLT;mapping=tex-text;+onum;+smcp;"
. 
. * 'bold italic' with NFSS spec.:
. <->s*[1]"Linux Libertine
. O/BI/ICU:script=latn;language=DFLT;mapping=tex-text;+onum;"
.................................................
LaTeX Font Info:    Font shape `EU1/LinuxLibertineO(0)/m/n' will be
(Font)              scaled to size 10.0pt on input line 16.
.................................................
. fontspec info: "no-scripts"
. 
. Font Monaco does not contain any OpenType `Script' information.
.................................................
.................................................
. fontspec info: "set-scale"
. 
. Monaco scale = 0.7902312020.
.................................................

*************************************************
* fontspec warning: "icu-feature-not-exist-in-font"
* 
* OpenType feature 'Numbers=OldStyle' (+onum) not available for font 'Monaco'
* with script '' and language ''.
*************************************************
\g_fontspec_family_Monaco_int=\count177
.................................................
. fontspec info: "set-scale"
. 
. Monaco scale = 0.7902312020.
.................................................
*************************************************
* fontspec warning: "icu-feature-not-exist-in-font"
* 
* OpenType feature 'Numbers=OldStyle' (+onum) not available for font 'Monaco'
* with script '' and language ''.
*************************************************
.................................................
. fontspec info: "no-font-shape"
. 
. Could not resolve font Monaco/B (it probably doesn't exist).
.................................................
.................................................
. fontspec info: "no-font-shape"
. 
. Could not resolve font Monaco/I (it probably doesn't exist).
.................................................
.................................................
. fontspec info: "no-font-shape"
. 
. Could not resolve font Monaco/BI (it probably doesn't exist).
.................................................
.................................................
. fontspec info: "defining-font"
. 
. Font family 'Monaco(0)' created for font 'Monaco' with options
. [Mapping=tex-text,Scale=MatchLowercase, Numbers=OldStyle,].
. 
. This font family consists of the following shapes:
. 
. * 'normal' with NFSS spec.:
. <->s*[0.7902312020]"Monaco/ICU:mapping=tex-text;"
.................................................
(/usr/share/texmf-dist/tex/generic/epsf/epsf.tex
This is `epsf.tex' v2.7.4 <14 February 2011>
\epsffilein=\read3
\epsfframemargin=\dimen153
\epsfframethickness=\dimen154
\epsfrsize=\dimen155
\epsftmp=\dimen156
\epsftsize=\dimen157
\epsfxsize=\dimen158
\epsfysize=\dimen159
\pspoints=\dimen160
) (./diss.aux)
\openout1 = `diss.aux'.

LaTeX Font Info:    Checking defaults for OML/cmm/m/it on input line 38.
LaTeX Font Info:    ... okay on input line 38.
LaTeX Font Info:    Checking defaults for T1/cmr/m/n on input line 38.
LaTeX Font Info:    ... okay on input line 38.
LaTeX Font Info:    Checking defaults for OT1/cmr/m/n on input line 38.
LaTeX Font Info:    ... okay on input line 38.
LaTeX Font Info:    Checking defaults for OMS/cmsy/m/n on input line 38.
LaTeX Font Info:    ... okay on input line 38.
LaTeX Font Info:    Checking defaults for OMX/cmex/m/n on input line 38.
LaTeX Font Info:    ... okay on input line 38.
LaTeX Font Info:    Checking defaults for U/cmr/m/n on input line 38.
LaTeX Font Info:    ... okay on input line 38.
LaTeX Font Info:    Checking defaults for EU1/lmr/m/n on input line 38.
LaTeX Font Info:    ... okay on input line 38.
LaTeX Font Info:    Checking defaults for T3/cmr/m/n on input line 38.
LaTeX Font Info:    Try loading font information for T3+cmr on input line 38.
 (/usr/share/texmf-dist/tex/latex/tipa/t3cmr.fd
File: t3cmr.fd 2001/12/31 TIPA font definitions
)
LaTeX Font Info:    ... okay on input line 38.
LaTeX Font Info:    Font shape `EU1/LinuxLibertineO(0)/m/n' will be
(Font)              scaled to size 12.0pt on input line 38.
.................................................
. fontspec info: "setup-math"
. 
. Adjusting the maths setup (use [no-math] to avoid this).
.................................................
\symlegacymaths=\mathgroup4
LaTeX Font Info:    Overwriting symbol font `legacymaths' in version `bold'
(Font)                  OT1/cmr/m/n --> OT1/cmr/bx/n on input line 38.
LaTeX Font Info:    Redeclaring math accent \acute on input line 38.
LaTeX Font Info:    Redeclaring math accent \grave on input line 38.
LaTeX Font Info:    Redeclaring math accent \ddot on input line 38.
LaTeX Font Info:    Redeclaring math accent \tilde on input line 38.
LaTeX Font Info:    Redeclaring math accent \bar on input line 38.
LaTeX Font Info:    Redeclaring math accent \breve on input line 38.
LaTeX Font Info:    Redeclaring math accent \check on input line 38.
LaTeX Font Info:    Redeclaring math accent \hat on input line 38.
LaTeX Font Info:    Redeclaring math accent \dot on input line 38.
LaTeX Font Info:    Redeclaring math accent \mathring on input line 38.
LaTeX Font Info:    Redeclaring math symbol \colon on input line 38.
LaTeX Font Info:    Redeclaring math symbol \Gamma on input line 38.
LaTeX Font Info:    Redeclaring math symbol \Delta on input line 38.
LaTeX Font Info:    Redeclaring math symbol \Theta on input line 38.
LaTeX Font Info:    Redeclaring math symbol \Lambda on input line 38.
LaTeX Font Info:    Redeclaring math symbol \Xi on input line 38.
LaTeX Font Info:    Redeclaring math symbol \Pi on input line 38.
LaTeX Font Info:    Redeclaring math symbol \Sigma on input line 38.
LaTeX Font Info:    Redeclaring math symbol \Upsilon on input line 38.
LaTeX Font Info:    Redeclaring math symbol \Phi on input line 38.
LaTeX Font Info:    Redeclaring math symbol \Psi on input line 38.
LaTeX Font Info:    Redeclaring math symbol \Omega on input line 38.
LaTeX Font Info:    Redeclaring math symbol \mathdollar on input line 38.
LaTeX Font Info:    Redeclaring symbol font `operators' on input line 38.
LaTeX Font Info:    Encoding `OT1' has changed to `EU1' for symbol font
(Font)              `operators' in the math version `normal' on input line 38.
LaTeX Font Info:    Overwriting symbol font `operators' in version `normal'
(Font)                  OT1/cmr/m/n --> EU1/LinuxLibertineO(0)/m/n on input lin
e 38.
LaTeX Font Info:    Encoding `OT1' has changed to `EU1' for symbol font
(Font)              `operators' in the math version `bold' on input line 38.
LaTeX Font Info:    Overwriting symbol font `operators' in version `bold'
(Font)                  OT1/cmr/bx/n --> EU1/LinuxLibertineO(0)/m/n on input li
ne 38.
LaTeX Font Info:    Overwriting symbol font `operators' in version `normal'
(Font)                  EU1/LinuxLibertineO(0)/m/n --> EU1/LinuxLibertineO(0)/m
/n on input line 38.
LaTeX Font Info:    Overwriting math alphabet `\mathrm' in version `normal'
(Font)                  EU1/LinuxLibertineO(0)/m/n --> EU1/LinuxLibertineO(0)/m
/n on input line 38.
LaTeX Font Info:    Overwriting math alphabet `\mathit' in version `normal'
(Font)                  OT1/cmr/m/it --> EU1/LinuxLibertineO(0)/m/it on input l
ine 38.
LaTeX Font Info:    Overwriting math alphabet `\mathbf' in version `normal'
(Font)                  OT1/cmr/bx/n --> EU1/LinuxLibertineO(0)/bx/n on input l
ine 38.
LaTeX Font Info:    Overwriting math alphabet `\mathsf' in version `normal'
(Font)                  OT1/cmss/m/n --> EU1/lmss/m/n on input line 38.
LaTeX Font Info:    Overwriting math alphabet `\mathtt' in version `normal'
(Font)                  OT1/cmtt/m/n --> EU1/Monaco(0)/m/n on input line 38.
LaTeX Font Info:    Overwriting symbol font `operators' in version `bold'
(Font)                  EU1/LinuxLibertineO(0)/m/n --> EU1/LinuxLibertineO(0)/b
x/n on input line 38.
LaTeX Font Info:    Overwriting math alphabet `\mathrm' in version `bold'
(Font)                  EU1/LinuxLibertineO(0)/m/n --> EU1/LinuxLibertineO(0)/b
x/n on input line 38.
LaTeX Font Info:    Overwriting math alphabet `\mathit' in version `bold'
(Font)                  OT1/cmr/bx/it --> EU1/LinuxLibertineO(0)/bx/it on input
 line 38.
LaTeX Font Info:    Overwriting math alphabet `\mathsf' in version `bold'
(Font)                  OT1/cmss/bx/n --> EU1/lmss/bx/n on input line 38.
LaTeX Font Info:    Overwriting math alphabet `\mathtt' in version `bold'
(Font)                  OT1/cmtt/m/n --> EU1/Monaco(0)/bx/n on input line 38.
LaTeX Font Info:    Font shape `EU1/LinuxLibertineO(0)/m/n' will be
(Font)              scaled to size 20.74pt on input line 49.
LaTeX Font Info:    Font shape `EU1/LinuxLibertineO(0)/bx/n' will be
(Font)              scaled to size 20.74pt on input line 49.
LaTeX Font Info:    Font shape `EU1/LinuxLibertineO(0)/m/n' will be
(Font)              scaled to size 24.88pt on input line 53.
LaTeX Font Info:    Font shape `EU1/LinuxLibertineO(0)/bx/n' will be
(Font)              scaled to size 24.88pt on input line 54.
 [1

] [2

]
LaTeX Font Info:    Font shape `EU1/LinuxLibertineO(0)/m/n' will be
(Font)              scaled to size 14.4pt on input line 74.
LaTeX Font Info:    Font shape `EU1/LinuxLibertineO(0)/m/n' will be
(Font)              scaled to size 7.0pt on input line 75.
LaTeX Font Info:    External font `cmex10' loaded for size
(Font)              <14.4> on input line 75.
LaTeX Font Info:    External font `cmex10' loaded for size
(Font)              <7> on input line 75.
LaTeX Font Info:    Font shape `EU1/LinuxLibertineO(0)/bx/n' will be
(Font)              scaled to size 14.4pt on input line 76.
LaTeX Font Info:    Font shape `EU1/Monaco(0)/m/n' will be
(Font)              scaled to size 11.37941pt on input line 83.
LaTeX Font Info:    Font shape `EU1/LinuxLibertineO(0)/m/n' will be
(Font)              scaled to size 5.0pt on input line 89.
LaTeX Font Info:    External font `cmex10' loaded for size
(Font)              <5> on input line 89.
LaTeX Font Info:    Font shape `EU1/Monaco(0)/m/n' will be
(Font)              scaled to size 7.90237pt on input line 89.
LaTeX Font Info:    Font shape `EU1/Monaco(0)/m/n' will be
(Font)              scaled to size 5.53166pt on input line 89.
LaTeX Font Info:    Font shape `EU1/Monaco(0)/m/n' will be
(Font)              scaled to size 3.95119pt on input line 89.
LaTeX Font Info:    Font shape `EU1/LinuxLibertineO(0)/m/n' will be
(Font)              scaled to size 17.28pt on input line 93.
LaTeX Font Info:    Font shape `EU1/LinuxLibertineO(0)/bx/n' will be
(Font)              scaled to size 17.28pt on input line 93.
LaTeX Font Info:    Font shape `EU1/LinuxLibertineO(0)/m/n' will be
(Font)              scaled to size 8.0pt on input line 95.
LaTeX Font Info:    Font shape `EU1/LinuxLibertineO(0)/m/n' will be
(Font)              scaled to size 6.0pt on input line 95.
LaTeX Font Info:    External font `cmex10' loaded for size
(Font)              <12> on input line 95.
LaTeX Font Info:    External font `cmex10' loaded for size
(Font)              <8> on input line 95.
LaTeX Font Info:    External font `cmex10' loaded for size
(Font)              <6> on input line 95.
LaTeX Font Info:    Font shape `EU1/Monaco(0)/m/n' will be
(Font)              scaled to size 9.48285pt on input line 95.
LaTeX Font Info:    Font shape `EU1/Monaco(0)/m/n' will be
(Font)              scaled to size 6.3219pt on input line 95.
LaTeX Font Info:    Font shape `EU1/Monaco(0)/m/n' will be
(Font)              scaled to size 4.74142pt on input line 95.
 [1

]
[2] [3] [4

] (./diss.toc
LaTeX Font Info:    Font shape `EU1/LinuxLibertineO(0)/bx/n' will be
(Font)              scaled to size 12.0pt on input line 1.
)
\tf@toc=\write3
\openout3 = `diss.toc'.

 [5

] (./diss.lof)
\tf@lof=\write4
\openout4 = `diss.lof'.

 [6

] [7] [8

]
Chapter 1.
[1

]

LaTeX Font Warning: Font shape `EU1/LinuxLibertineO(0)/m/sl' undefined
(Font)              using `EU1/LinuxLibertineO(0)/m/n' instead on input line 24
9.

[2]
LaTeX Font Info:    Font shape `EU1/LinuxLibertineO(0)/m/sl' will be
(Font)              scaled to size 12.0pt on input line 249.
 [3] [4

]
Chapter 2.
[5

] [6

]
Chapter 3.
LaTeX Font Info:    Font shape `EU1/LinuxLibertineO(0)/m/n' will be
(Font)              scaled to size 10.95pt on input line 267.
LaTeX Font Info:    Font shape `EU1/Monaco(0)/m/n' will be
(Font)              scaled to size 8.65309pt on input line 267.
[7

]
(figs/cuarms.eps
)
(figs/diagram.eps
)
[8] [9] [10] [11] [12

]
Chapter 4.
[13

] [14]
Chapter 5.
[15


] [16

] (./diss.bbl
LaTeX Font Info:    Font shape `EU1/LinuxLibertineO(0)/m/it' will be
(Font)              scaled to size 12.0pt on input line 5.
) [17

] [18

]
Appendix A.
File: diss.tex  (verbatim)
[19

] [20] [21] [22] [23] [24] [25] [26]
File: proposal.tex  (verbatim)
 [27]
File: propbody.tex  (verbatim)
 [28] [29] [30]
Appendix B.
File: makefile.txt  (verbatim)
[31


]
File: refs.bib  (verbatim)
 [32]
Appendix C.
(./propbody.tex
LaTeX Font Info:    External font `cmex10' loaded for size
(Font)              <17.28> on input line 8.
LaTeX Font Info:    Font shape `EU1/Monaco(0)/m/n' will be
(Font)              scaled to size 13.65529pt on input line 8.
 [33


] [34]) [35] (./diss.aux)

LaTeX Font Warning: Some font shapes were not available, defaults substituted.


LaTeX Warning: Label(s) may have changed. Rerun to get cross-references right.

 ) 
Here is how much of TeX's memory you used:
 13478 strings out of 494146
 294412 string characters out of 3157637
 294585 words of memory out of 3000000
 16577 multiletter control sequences out of 15000+200000
 9248 words of font info for 67 fonts, out of 3000000 for 9000
 1018 hyphenation exceptions out of 8191
 36i,11n,48p,636b,321s stack positions out of 5000i,500n,10000p,200000b,50000s

Output written on diss.pdf (45 pages).
